11-30 16:35:34 com_github_MitjaNemec_PlaceFootprints.action_place_footprints 674:Plugin executed on: 'linux'
11-30 16:35:34 com_github_MitjaNemec_PlaceFootprints.action_place_footprints 675:Plugin executed with python version: '3.13.3 (main, Aug 14 2025, 11:53:40) [GCC 14.2.0]'
11-30 16:35:34 com_github_MitjaNemec_PlaceFootprints.action_place_footprints 676:KiCad build version: 9.0.6-9.0.6~ubuntu25.04.1
11-30 16:35:34 com_github_MitjaNemec_PlaceFootprints.action_place_footprints 677:Plugin version: 4.0.1
11-30 16:35:34 com_github_MitjaNemec_PlaceFootprints.action_place_footprints 678:Frame repr: <wx._core.Frame object at 0x7378ad427260>
11-30 16:35:34 com_github_MitjaNemec_PlaceFootprints.place_footprints 121:getting a list of all footprints on board
11-30 16:35:34 com_github_MitjaNemec_PlaceFootprints.place_footprints 156:Footprint J10 on root level
11-30 16:35:34 com_github_MitjaNemec_PlaceFootprints.place_footprints 156:Footprint J7 on root level
11-30 16:35:34 com_github_MitjaNemec_PlaceFootprints.place_footprints 156:Footprint J8 on root level
11-30 16:35:34 com_github_MitjaNemec_PlaceFootprints.place_footprints 156:Footprint J2 on root level
11-30 16:35:34 com_github_MitjaNemec_PlaceFootprints.place_footprints 156:Footprint J3 on root level
11-30 16:35:34 com_github_MitjaNemec_PlaceFootprints.place_footprints 156:Footprint J6 on root level
11-30 16:35:34 com_github_MitjaNemec_PlaceFootprints.place_footprints 156:Footprint J5 on root level
11-30 16:35:34 com_github_MitjaNemec_PlaceFootprints.place_footprints 156:Footprint J9 on root level
11-30 16:35:34 com_github_MitjaNemec_PlaceFootprints.place_footprints 156:Footprint J4 on root level
11-30 16:35:34 com_github_MitjaNemec_PlaceFootprints.place_footprints 156:Footprint J11 on root level
11-30 16:35:34 com_github_MitjaNemec_PlaceFootprints.place_footprints 156:Footprint JP1 on root level
11-30 16:35:34 com_github_MitjaNemec_PlaceFootprints.place_footprints 156:Footprint J1 on root level
11-30 16:35:34 com_github_MitjaNemec_PlaceFootprints.place_footprints 156:Footprint H2 on root level
11-30 16:35:34 com_github_MitjaNemec_PlaceFootprints.place_footprints 156:Footprint H1 on root level
11-30 16:35:34 com_github_MitjaNemec_PlaceFootprints.place_footprints 156:Footprint D20 on root level
11-30 16:35:34 com_github_MitjaNemec_PlaceFootprints.place_footprints 156:Footprint D19 on root level
11-30 16:35:34 com_github_MitjaNemec_PlaceFootprints.place_footprints 156:Footprint D18 on root level
11-30 16:35:34 com_github_MitjaNemec_PlaceFootprints.place_footprints 156:Footprint D17 on root level
11-30 16:35:34 com_github_MitjaNemec_PlaceFootprints.place_footprints 156:Footprint D16 on root level
11-30 16:35:34 com_github_MitjaNemec_PlaceFootprints.place_footprints 156:Footprint D15 on root level
11-30 16:35:34 com_github_MitjaNemec_PlaceFootprints.place_footprints 156:Footprint D14 on root level
11-30 16:35:34 com_github_MitjaNemec_PlaceFootprints.place_footprints 156:Footprint D13 on root level
11-30 16:35:34 com_github_MitjaNemec_PlaceFootprints.place_footprints 156:Footprint D12 on root level
11-30 16:35:34 com_github_MitjaNemec_PlaceFootprints.place_footprints 156:Footprint D11 on root level
11-30 16:35:34 com_github_MitjaNemec_PlaceFootprints.place_footprints 156:Footprint D10 on root level
11-30 16:35:34 com_github_MitjaNemec_PlaceFootprints.place_footprints 156:Footprint D9 on root level
11-30 16:35:34 com_github_MitjaNemec_PlaceFootprints.place_footprints 156:Footprint D8 on root level
11-30 16:35:34 com_github_MitjaNemec_PlaceFootprints.place_footprints 156:Footprint D7 on root level
11-30 16:35:34 com_github_MitjaNemec_PlaceFootprints.place_footprints 156:Footprint D6 on root level
11-30 16:35:34 com_github_MitjaNemec_PlaceFootprints.place_footprints 156:Footprint D5 on root level
11-30 16:35:34 com_github_MitjaNemec_PlaceFootprints.place_footprints 156:Footprint D4 on root level
11-30 16:35:34 com_github_MitjaNemec_PlaceFootprints.place_footprints 156:Footprint D3 on root level
11-30 16:35:34 com_github_MitjaNemec_PlaceFootprints.place_footprints 156:Footprint D2 on root level
11-30 16:35:34 com_github_MitjaNemec_PlaceFootprints.place_footprints 156:Footprint D1 on root level
11-30 16:35:34 com_github_MitjaNemec_PlaceFootprints.action_place_footprints 717:Reference footprint='J2'
11-30 16:35:35 com_github_MitjaNemec_PlaceFootprints.action_place_footprints 858:Reference designator is: J
11-30 16:35:35 com_github_MitjaNemec_PlaceFootprints.action_place_footprints 859:Reference number is: 2
11-30 16:35:35 com_github_MitjaNemec_PlaceFootprints.action_place_footprints 891:Sorted and filtered list:
['J1', 'J2', 'J3', 'J4', 'J5', 'J6', 'J7', 'J8', 'J9', 'J10', 'J11']
11-30 16:35:35 com_github_MitjaNemec_PlaceFootprints.action_place_footprints 376:wx.Colour(44, 44, 44, 255)
11-30 16:35:41 com_github_MitjaNemec_PlaceFootprints.action_place_footprints 507:'23'
11-30 16:35:41 com_github_MitjaNemec_PlaceFootprints.action_place_footprints 559:Preparing config for reference circular
11-30 16:35:41 com_github_MitjaNemec_PlaceFootprints.action_place_footprints 573:Saving config file
11-30 16:35:41 com_github_MitjaNemec_PlaceFootprints.action_place_footprints 575:Saved the config file
11-30 16:35:41 com_github_MitjaNemec_PlaceFootprints.action_place_footprints 929:Footprints to place:
['J1', 'J2', 'J3', 'J4', 'J5', 'J6', 'J7', 'J8', 'J9', 'J10', 'J11']
11-30 16:35:41 com_github_MitjaNemec_PlaceFootprints.place_footprints 359:Starting placing with circular layout
11-30 16:35:41 com_github_MitjaNemec_PlaceFootprints.place_footprints 369:reference footprint position at: VECTOR2I(170000000, 80000000)
11-30 16:35:41 com_github_MitjaNemec_PlaceFootprints.place_footprints 374:rotation center at: (170000000, 103000000.0)
11-30 16:35:41 com_github_MitjaNemec_PlaceFootprints.action_place_footprints 944:Placing complete
